Building DAG of jobs...
Using shell: /bin/bash
Provided cores: 1
Rules claiming more threads will be scaled down.
Job counts:
	count	jobs
	1	all
	2	combine_merge_and_anno
	2	distance
	1	homeranno
	6

[Tue Apr 20 10:50:02 2021]
rule combine_merge_and_anno:
    input: data/peaksInfo/peaks.merge.tss.minimal, data/GCF/anno/peaks.merge.tss.anno
    output: data/GCF/anno/peaks.merge.tss.minimal.anno
    jobid: 4
    wildcards: genome=GCF

[Tue Apr 20 10:50:12 2021]
Finished job 4.
1 of 6 steps (17%) done

[Tue Apr 20 10:50:12 2021]
rule homeranno:
    input: data/peaksInfo/peaks.merge.tss
    output: data/synapse/anno/peaks.merge.tss.anno
    jobid: 8
    wildcards: genome=synapse

[Tue Apr 20 10:55:58 2021]
Finished job 8.
2 of 6 steps (33%) done

[Tue Apr 20 10:55:58 2021]
rule combine_merge_and_anno:
    input: data/peaksInfo/peaks.merge.tss.minimal, data/synapse/anno/peaks.merge.tss.anno
    output: data/synapse/anno/peaks.merge.tss.minimal.anno
    jobid: 3
    wildcards: genome=synapse

[Tue Apr 20 10:56:06 2021]
Finished job 3.
3 of 6 steps (50%) done

[Tue Apr 20 10:56:06 2021]
rule distance:
    input: data/GCF/anno/peaks.merge.tss.minimal.anno, data/GCF/genome/refTSS.tsv
    output: data/GCF/anno/peaks.distance.tsv
    jobid: 2
    wildcards: genome=GCF

[Tue Apr 20 10:56:07 2021]
Error in rule distance:
    jobid: 2
    output: data/GCF/anno/peaks.distance.tsv
    shell:
        python peak_distance.py distance data/GCF/anno/peaks.merge.tss.minimal.anno data/GCF/genome/refTSS.tsv data/GCF/anno/peaks.distance.tsv
        (exited with non-zero exit code)

Shutting down, this might take some time.
Exiting because a job execution failed. Look above for error message
Complete log: /data/isshamie/TSS/Analysis/TSS_code/tss/manuscript/.snakemake/log/2021-04-20T105002.048944.snakemake.log
