Building DAG of jobs...
Using shell: /bin/bash
Provided cores: 1
Rules claiming more threads will be scaled down.
Job counts:
	count	jobs
	1	all
	2	combine_merge_and_anno
	2	distance
	2	homeranno
	7

[Tue Apr 20 10:32:19 2021]
rule homeranno:
    input: data/peaksInfo/peaks.merge.tss
    output: data/GCF/anno/peaks.merge.tss.anno
    jobid: 9
    wildcards: genome=GCF

[Tue Apr 20 10:38:00 2021]
Finished job 9.
1 of 7 steps (14%) done

[Tue Apr 20 10:38:00 2021]
rule combine_merge_and_anno:
    input: data/peaksInfo/peaks.merge.tss.minimal, data/GCF/anno/peaks.merge.tss.anno
    output: data/GCF/anno/peaks.merge.tss.minimal.anno
    jobid: 4
    wildcards: genome=GCF

Shutting down, this might take some time.
Exiting because a job execution failed. Look above for error message
Complete log: /data/isshamie/TSS/Analysis/TSS_code/tss/manuscript/.snakemake/log/2021-04-20T103219.275395.snakemake.log
