Building DAG of jobs...
Using shell: /bin/bash
Provided cores: 1
Rules claiming more threads will be scaled down.
Job counts:
	count	jobs
	1	all
	1	tissue_merging
	2
Resources before job selection: {'_cores': 1, '_nodes': 9223372036854775807}
Ready jobs (1):
	tissue_merging
Selected jobs (1):
	tissue_merging
Resources after job selection: {'_cores': 0, '_nodes': 9223372036854775806}

[Wed Apr 21 03:30:48 2021]
rule tissue_merging:
    output: data/peaksInfo/tissuesMerge.thresh1.peaksexpression, data/peaksInfo/tissues_scoring.thresh1.tsv
    jobid: 6
    wildcards: thresh=1

[Wed Apr 21 03:30:58 2021]
Finished job 6.
1 of 2 steps (50%) done
Resources before job selection: {'_cores': 1, '_nodes': 9223372036854775807}
Ready jobs (1):
	all
Selected jobs (1):
	all
Resources after job selection: {'_cores': 0, '_nodes': 9223372036854775806}

[Wed Apr 21 03:30:58 2021]
localrule all:
    input: data/synapse/genome/introns.bed, data/GCF/genome/introns.bed, data/peaksInfo/peaks_scoring.thresh1.tsv, data/synapse/refType/peaks.refType.tsv, data/GCF/refType/peaks.refType.tsv, data/peaksInfo/tissues_scoring.thresh1.tsv
    jobid: 0

[Wed Apr 21 03:30:58 2021]
Finished job 0.
2 of 2 steps (100%) done
Complete log: /data/isshamie/TSS/Analysis/TSS_code/tss/manuscript/.snakemake/log/2021-04-21T033046.770249.snakemake.log
unlocking
removing lock
removing lock
removed all locks
