Building DAG of jobs...
Using shell: /bin/bash
Provided cores: 1
Rules claiming more threads will be scaled down.
Job counts:
	count	jobs
	1	all
	2	combine_merge_and_anno
	2	distance
	2	generate_genome
	2	homeranno
	1	preprocess
	10

[Tue Apr 20 08:12:43 2021]
rule generate_genome:
    output: synapse/genome/refTSS.tsv
    jobid: 4
    wildcards: genome=synapse

[Tue Apr 20 08:12:43 2021]
Error in rule generate_genome:
    jobid: 4
    output: synapse/genome/refTSS.tsv
    shell:
        python peak_distance.py create_genome synapse/genome/refTSS.tsv /data/isshamie/genome/hamster/syn20999279_picr.gff mRNA lncRNA
        (exited with non-zero exit code)

Shutting down, this might take some time.
Exiting because a job execution failed. Look above for error message
Complete log: /data/isshamie/TSS/Analysis/TSS_code/tss/manuscript/.snakemake/log/2021-04-20T081242.041487.snakemake.log
