Building DAG of jobs...
Using shell: /bin/bash
Provided cores: 1
Rules claiming more threads will be scaled down.
Job counts:
	count	jobs
	1	all
	2	combine_merge_and_anno
	2	distance
	2	generate_genome
	2	homeranno
	1	preprocess
	10

[Tue Apr 20 08:22:47 2021]
rule preprocess:
    output: peaksInfo/peaks.merge.tss, peaksInfo/peaks.merge.tss.minimal
    jobid: 7

Shutting down, this might take some time.
Exiting because a job execution failed. Look above for error message
Complete log: /data/isshamie/TSS/Analysis/TSS_code/tss/manuscript/.snakemake/log/2021-04-20T082246.922595.snakemake.log
