Building DAG of jobs...
Using shell: /bin/bash
Provided cores: 1
Rules claiming more threads will be scaled down.
Job counts:
	count	jobs
	1	all
	8	create_totalTSS
	1	peak_scoring
	1	tissue_merging
	11

[Wed Apr 21 06:52:45 2021]
rule create_totalTSS:
    input: data/peaksInfo/peaks_scoring.thresh1.tsv, data/peaksInfo/tissues_scoring.thresh1.tsv, data/GCF/refType/peaks.refType.geneBody.tsv
    output: data/GCF/allTSS/thresh1_numSamp2/peaksSankey.csv, data/GCF/allTSS/thresh1_numSamp2/peaksSankey.png
    jobid: 13
    wildcards: genome=GCF, thresh=1, numSamp=2

[Wed Apr 21 06:53:34 2021]
Finished job 13.
1 of 11 steps (9%) done

[Wed Apr 21 06:53:34 2021]
rule create_totalTSS:
    input: data/peaksInfo/peaks_scoring.thresh1.tsv, data/peaksInfo/tissues_scoring.thresh1.tsv, data/GCF/refType/peaks.refType.geneBody.tsv
    output: data/GCF/allTSS/thresh1_numSamp1/peaksSankey.csv, data/GCF/allTSS/thresh1_numSamp1/peaksSankey.png
    jobid: 14
    wildcards: genome=GCF, thresh=1, numSamp=1

[Wed Apr 21 06:54:23 2021]
Finished job 14.
2 of 11 steps (18%) done

[Wed Apr 21 06:54:23 2021]
rule create_totalTSS:
    input: data/peaksInfo/peaks_scoring.thresh1.tsv, data/peaksInfo/tissues_scoring.thresh1.tsv, data/synapse/refType/peaks.refType.geneBody.tsv
    output: data/synapse/allTSS/thresh1_numSamp1/peaksSankey.csv, data/synapse/allTSS/thresh1_numSamp1/peaksSankey.png
    jobid: 10
    wildcards: genome=synapse, thresh=1, numSamp=1

[Wed Apr 21 06:55:11 2021]
Finished job 10.
3 of 11 steps (27%) done

[Wed Apr 21 06:55:11 2021]
rule create_totalTSS:
    input: data/peaksInfo/peaks_scoring.thresh1.tsv, data/peaksInfo/tissues_scoring.thresh1.tsv, data/synapse/refType/peaks.refType.geneBody.tsv
    output: data/synapse/allTSS/thresh1_numSamp2/peaksSankey.csv, data/synapse/allTSS/thresh1_numSamp2/peaksSankey.png
    jobid: 9
    wildcards: genome=synapse, thresh=1, numSamp=2

[Wed Apr 21 06:55:58 2021]
Finished job 9.
4 of 11 steps (36%) done

[Wed Apr 21 06:55:58 2021]
rule tissue_merging:
    output: data/peaksInfo/tissuesMerge.thresh0.peaksexpression, data/peaksInfo/tissues_scoring.thresh0.tsv
    jobid: 8
    wildcards: thresh=0

Shutting down, this might take some time.
Exiting because a job execution failed. Look above for error message
Complete log: /data/isshamie/TSS/Analysis/TSS_code/tss/manuscript/.snakemake/log/2021-04-21T065244.358939.snakemake.log
