Building DAG of jobs...
Using shell: /bin/bash
Provided cores: 1
Rules claiming more threads will be scaled down.
Job counts:
	count	jobs
	1	all
	1	peak_scoring
	2
Resources before job selection: {'_cores': 1, '_nodes': 9223372036854775807}
Ready jobs (1):
	peak_scoring
Selected jobs (1):
	peak_scoring
Resources after job selection: {'_cores': 0, '_nodes': 9223372036854775806}

[Wed Apr 21 03:31:41 2021]
rule peak_scoring:
    output: data/peaksInfo/peaks_scoring.thresh1.tsv
    jobid: 3
    wildcards: thresh=1

[Wed Apr 21 03:31:46 2021]
Finished job 3.
1 of 2 steps (50%) done
Resources before job selection: {'_cores': 1, '_nodes': 9223372036854775807}
Ready jobs (1):
	all
Selected jobs (1):
	all
Resources after job selection: {'_cores': 0, '_nodes': 9223372036854775806}

[Wed Apr 21 03:31:46 2021]
localrule all:
    input: data/synapse/genome/introns.bed, data/GCF/genome/introns.bed, data/peaksInfo/peaks_scoring.thresh1.tsv, data/synapse/refType/peaks.refType.tsv, data/GCF/refType/peaks.refType.tsv, data/peaksInfo/tissues_scoring.thresh1.tsv
    jobid: 0

[Wed Apr 21 03:31:46 2021]
Finished job 0.
2 of 2 steps (100%) done
Complete log: /data/isshamie/TSS/Analysis/TSS_code/tss/manuscript/.snakemake/log/2021-04-21T033140.235493.snakemake.log
unlocking
removing lock
removing lock
removed all locks
