Full Traceback (most recent call last):
  File "/home/isshamie/software/anaconda2/envs/TSS/lib/python3.7/site-packages/snakemake/__init__.py", line 404, in snakemake
    print_compilation=print_compilation)
  File "/home/isshamie/software/anaconda2/envs/TSS/lib/python3.7/site-packages/snakemake/workflow.py", line 743, in include
    exec(compile(code, snakefile, "exec"), self.globals)
  File "/data/isshamie/TSS/Analysis/TSS_code/tss/manuscript/run.smk", line 4, in <module>
    import tss.utils.sankey_helper as sh
  File "/data/isshamie/TSS/Analysis/TSS_code/tss/utils/sankey_helper.py", line 4, in <module>
    from mplh.color_utils import get_colors
  File "/home/isshamie/software/homebrew/matplotlib_helper/mplh/color_utils.py", line 4, in <module>
    import seaborn as sns
  File "/home/isshamie/software/anaconda2/envs/TSS/lib/python3.7/site-packages/seaborn/__init__.py", line 16, in <module>
    from .widgets import *
  File "/home/isshamie/software/anaconda2/envs/TSS/lib/python3.7/site-packages/seaborn/widgets.py", line 8, in <module>
    from ipywidgets import interact, FloatSlider, IntSlider
  File "/home/isshamie/software/anaconda2/envs/TSS/lib/python3.7/site-packages/ipywidgets/__init__.py", line 23, in <module>
    from IPython import get_ipython
  File "/home/isshamie/software/anaconda2/envs/TSS/lib/python3.7/site-packages/IPython/__init__.py", line 56, in <module>
    from .terminal.embed import embed
  File "/home/isshamie/software/anaconda2/envs/TSS/lib/python3.7/site-packages/IPython/terminal/embed.py", line 16, in <module>
    from IPython.terminal.interactiveshell import TerminalInteractiveShell
  File "/home/isshamie/software/anaconda2/envs/TSS/lib/python3.7/site-packages/IPython/terminal/interactiveshell.py", line 32, in <module>
    from pygments.style import Style
  File "<frozen importlib._bootstrap>", line 983, in _find_and_load
  File "<frozen importlib._bootstrap>", line 963, in _find_and_load_unlocked
  File "<frozen importlib._bootstrap>", line 906, in _find_spec
  File "<frozen importlib._bootstrap_external>", line 1280, in find_spec
  File "<frozen importlib._bootstrap_external>", line 1252, in _get_spec
  File "<frozen importlib._bootstrap_external>", line 1396, in find_spec
  File "<frozen importlib._bootstrap_external>", line 1354, in _get_spec
  File "<frozen importlib._bootstrap_external>", line 606, in spec_from_file_location
  File "<frozen importlib._bootstrap>", line 369, in __init__
KeyboardInterrupt

KeyboardInterrupt in line 4 of /data/isshamie/TSS/Analysis/TSS_code/tss/manuscript/run.smk.
  File "/data/isshamie/TSS/Analysis/TSS_code/tss/manuscript/run.smk", line 4, in <module>
  File "/data/isshamie/TSS/Analysis/TSS_code/tss/utils/sankey_helper.py", line 4, in <module>
  File "/home/isshamie/software/homebrew/matplotlib_helper/mplh/color_utils.py", line 4, in <module>
  File "/home/isshamie/software/anaconda2/envs/TSS/lib/python3.7/site-packages/seaborn/__init__.py", line 16, in <module>
  File "/home/isshamie/software/anaconda2/envs/TSS/lib/python3.7/site-packages/seaborn/widgets.py", line 8, in <module>
  File "/home/isshamie/software/anaconda2/envs/TSS/lib/python3.7/site-packages/ipywidgets/__init__.py", line 23, in <module>
  File "/home/isshamie/software/anaconda2/envs/TSS/lib/python3.7/site-packages/IPython/__init__.py", line 56, in <module>
  File "/home/isshamie/software/anaconda2/envs/TSS/lib/python3.7/site-packages/IPython/terminal/embed.py", line 16, in <module>
  File "/home/isshamie/software/anaconda2/envs/TSS/lib/python3.7/site-packages/IPython/terminal/interactiveshell.py", line 32, in <module>
  File "<frozen importlib._bootstrap>", line 983, in _find_and_load
  File "<frozen importlib._bootstrap>", line 963, in _find_and_load_unlocked
  File "<frozen importlib._bootstrap>", line 906, in _find_spec
  File "<frozen importlib._bootstrap_external>", line 1280, in find_spec
  File "<frozen importlib._bootstrap_external>", line 1252, in _get_spec
  File "<frozen importlib._bootstrap_external>", line 1396, in find_spec
  File "<frozen importlib._bootstrap_external>", line 1354, in _get_spec
  File "<frozen importlib._bootstrap_external>", line 606, in spec_from_file_location
  File "<frozen importlib._bootstrap>", line 369, in __init__
