Building DAG of jobs...
Using shell: /bin/bash
Provided cores: 1
Rules claiming more threads will be scaled down.
Job counts:
	count	jobs
	1	all
	2	create_totalTSS
	1	peak_scoring
	1	tissue_merging
	5
Resources before job selection: {'_cores': 1, '_nodes': 9223372036854775807}
Ready jobs (2):
	tissue_merging
	peak_scoring
Selected jobs (1):
	tissue_merging
Resources after job selection: {'_cores': 0, '_nodes': 9223372036854775806}

[Wed Apr 21 04:14:39 2021]
rule tissue_merging:
    output: data/peaksInfo/tissuesMerge.thresh1.peaksexpression, data/peaksInfo/tissues_scoring.thresh1.tsv
    jobid: 6
    wildcards: thresh=1

[Wed Apr 21 04:14:49 2021]
Finished job 6.
1 of 5 steps (20%) done
Resources before job selection: {'_cores': 1, '_nodes': 9223372036854775807}
Ready jobs (1):
	peak_scoring
Selected jobs (1):
	peak_scoring
Resources after job selection: {'_cores': 0, '_nodes': 9223372036854775806}

[Wed Apr 21 04:14:49 2021]
rule peak_scoring:
    output: data/peaksInfo/peaks_scoring.thresh1.tsv
    jobid: 3
    wildcards: thresh=1

[Wed Apr 21 04:14:53 2021]
Finished job 3.
2 of 5 steps (40%) done
Resources before job selection: {'_cores': 1, '_nodes': 9223372036854775807}
Ready jobs (2):
	create_totalTSS
	create_totalTSS
Selected jobs (1):
	create_totalTSS
Resources after job selection: {'_cores': 0, '_nodes': 9223372036854775806}

[Wed Apr 21 04:14:53 2021]
rule create_totalTSS:
    input: data/peaksInfo/peaks_scoring.thresh1.tsv, data/peaksInfo/tissues_scoring.thresh1.tsv, data/GCF/refType/peaks.refType.geneBody.tsv
    output: data/GCF/allTSS/thresh1/peaksSankey.csv, data/GCF/allTSS/thresh1/peaksSankey.png
    jobid: 8
    wildcards: genome=GCF, thresh=1

[Wed Apr 21 04:15:30 2021]
Finished job 8.
3 of 5 steps (60%) done
Resources before job selection: {'_cores': 1, '_nodes': 9223372036854775807}
Ready jobs (1):
	create_totalTSS
Selected jobs (1):
	create_totalTSS
Resources after job selection: {'_cores': 0, '_nodes': 9223372036854775806}

[Wed Apr 21 04:15:30 2021]
rule create_totalTSS:
    input: data/peaksInfo/peaks_scoring.thresh1.tsv, data/peaksInfo/tissues_scoring.thresh1.tsv, data/synapse/refType/peaks.refType.geneBody.tsv
    output: data/synapse/allTSS/thresh1/peaksSankey.csv, data/synapse/allTSS/thresh1/peaksSankey.png
    jobid: 7
    wildcards: genome=synapse, thresh=1

[Wed Apr 21 04:15:59 2021]
Finished job 7.
4 of 5 steps (80%) done
Resources before job selection: {'_cores': 1, '_nodes': 9223372036854775807}
Ready jobs (1):
	all
Selected jobs (1):
	all
Resources after job selection: {'_cores': 0, '_nodes': 9223372036854775806}

[Wed Apr 21 04:15:59 2021]
localrule all:
    input: data/synapse/genome/introns.bed, data/GCF/genome/introns.bed, data/peaksInfo/peaks_scoring.thresh1.tsv, data/synapse/refType/peaks.refType.tsv, data/GCF/refType/peaks.refType.tsv, data/peaksInfo/tissues_scoring.thresh1.tsv, data/synapse/allTSS/thresh1/peaksSankey.csv, data/GCF/allTSS/thresh1/peaksSankey.csv
    jobid: 0

[Wed Apr 21 04:15:59 2021]
Finished job 0.
5 of 5 steps (100%) done
Complete log: /data/isshamie/TSS/Analysis/TSS_code/tss/manuscript/.snakemake/log/2021-04-21T041438.112290.snakemake.log
unlocking
removing lock
removing lock
removed all locks
