Building DAG of jobs...
Using shell: /bin/bash
Provided cores: 1
Rules claiming more threads will be scaled down.
Job counts:
	count	jobs
	1	all
	8	create_totalTSS
	2	peak_scoring
	2	tissue_merging
	13

[Wed Apr 21 07:18:18 2021]
rule peak_scoring:
    output: data/peaksInfo/peaks_scoring.thresh1.tsv
    jobid: 3
    wildcards: thresh=1

[Wed Apr 21 07:18:23 2021]
Finished job 3.
1 of 13 steps (8%) done

[Wed Apr 21 07:18:23 2021]
rule tissue_merging:
    output: data/peaksInfo/tissuesMerge.thresh0.peaksexpression, data/peaksInfo/tissues_scoring.thresh0.tsv
    jobid: 8
    wildcards: thresh=0

[Wed Apr 21 07:18:34 2021]
Finished job 8.
2 of 13 steps (15%) done

[Wed Apr 21 07:18:34 2021]
rule tissue_merging:
    output: data/peaksInfo/tissuesMerge.thresh1.peaksexpression, data/peaksInfo/tissues_scoring.thresh1.tsv
    jobid: 7
    wildcards: thresh=1

[Wed Apr 21 07:18:45 2021]
Finished job 7.
3 of 13 steps (23%) done

[Wed Apr 21 07:18:45 2021]
rule create_totalTSS:
    input: data/peaksInfo/peaks_scoring.thresh1.tsv, data/peaksInfo/tissues_scoring.thresh1.tsv, data/GCF/refType/peaks.refType.geneBody.tsv
    output: data/GCF/allTSS/thresh1_numSamp1/peaksSankey.csv, data/GCF/allTSS/thresh1_numSamp1/peaksSankey.png
    jobid: 14
    wildcards: genome=GCF, thresh=1, numSamp=1

[Wed Apr 21 07:19:34 2021]
Finished job 14.
4 of 13 steps (31%) done

[Wed Apr 21 07:19:34 2021]
rule create_totalTSS:
    input: data/peaksInfo/peaks_scoring.thresh1.tsv, data/peaksInfo/tissues_scoring.thresh1.tsv, data/GCF/refType/peaks.refType.geneBody.tsv
    output: data/GCF/allTSS/thresh1_numSamp2/peaksSankey.csv, data/GCF/allTSS/thresh1_numSamp2/peaksSankey.png
    jobid: 13
    wildcards: genome=GCF, thresh=1, numSamp=2

[Wed Apr 21 07:20:23 2021]
Finished job 13.
5 of 13 steps (38%) done

[Wed Apr 21 07:20:23 2021]
rule create_totalTSS:
    input: data/peaksInfo/peaks_scoring.thresh1.tsv, data/peaksInfo/tissues_scoring.thresh1.tsv, data/synapse/refType/peaks.refType.geneBody.tsv
    output: data/synapse/allTSS/thresh1_numSamp1/peaksSankey.csv, data/synapse/allTSS/thresh1_numSamp1/peaksSankey.png
    jobid: 10
    wildcards: genome=synapse, thresh=1, numSamp=1

[Wed Apr 21 07:21:10 2021]
Finished job 10.
6 of 13 steps (46%) done

[Wed Apr 21 07:21:10 2021]
rule create_totalTSS:
    input: data/peaksInfo/peaks_scoring.thresh1.tsv, data/peaksInfo/tissues_scoring.thresh1.tsv, data/synapse/refType/peaks.refType.geneBody.tsv
    output: data/synapse/allTSS/thresh1_numSamp2/peaksSankey.csv, data/synapse/allTSS/thresh1_numSamp2/peaksSankey.png
    jobid: 9
    wildcards: genome=synapse, thresh=1, numSamp=2

[Wed Apr 21 07:21:58 2021]
Finished job 9.
7 of 13 steps (54%) done

[Wed Apr 21 07:21:58 2021]
rule peak_scoring:
    output: data/peaksInfo/peaks_scoring.thresh0.tsv
    jobid: 4
    wildcards: thresh=0

[Wed Apr 21 07:22:03 2021]
Finished job 4.
8 of 13 steps (62%) done

[Wed Apr 21 07:22:03 2021]
rule create_totalTSS:
    input: data/peaksInfo/peaks_scoring.thresh0.tsv, data/peaksInfo/tissues_scoring.thresh0.tsv, data/GCF/refType/peaks.refType.geneBody.tsv
    output: data/GCF/allTSS/thresh0_numSamp1/peaksSankey.csv, data/GCF/allTSS/thresh0_numSamp1/peaksSankey.png
    jobid: 16
    wildcards: genome=GCF, thresh=0, numSamp=1

[Wed Apr 21 07:22:48 2021]
Finished job 16.
9 of 13 steps (69%) done

[Wed Apr 21 07:22:48 2021]
rule create_totalTSS:
    input: data/peaksInfo/peaks_scoring.thresh0.tsv, data/peaksInfo/tissues_scoring.thresh0.tsv, data/GCF/refType/peaks.refType.geneBody.tsv
    output: data/GCF/allTSS/thresh0_numSamp2/peaksSankey.csv, data/GCF/allTSS/thresh0_numSamp2/peaksSankey.png
    jobid: 15
    wildcards: genome=GCF, thresh=0, numSamp=2

[Wed Apr 21 07:23:33 2021]
Finished job 15.
10 of 13 steps (77%) done

[Wed Apr 21 07:23:33 2021]
rule create_totalTSS:
    input: data/peaksInfo/peaks_scoring.thresh0.tsv, data/peaksInfo/tissues_scoring.thresh0.tsv, data/synapse/refType/peaks.refType.geneBody.tsv
    output: data/synapse/allTSS/thresh0_numSamp2/peaksSankey.csv, data/synapse/allTSS/thresh0_numSamp2/peaksSankey.png
    jobid: 11
    wildcards: genome=synapse, thresh=0, numSamp=2

[Wed Apr 21 07:24:20 2021]
Finished job 11.
11 of 13 steps (85%) done

[Wed Apr 21 07:24:20 2021]
rule create_totalTSS:
    input: data/peaksInfo/peaks_scoring.thresh0.tsv, data/peaksInfo/tissues_scoring.thresh0.tsv, data/synapse/refType/peaks.refType.geneBody.tsv
    output: data/synapse/allTSS/thresh0_numSamp1/peaksSankey.csv, data/synapse/allTSS/thresh0_numSamp1/peaksSankey.png
    jobid: 12
    wildcards: genome=synapse, thresh=0, numSamp=1

[Wed Apr 21 07:25:10 2021]
Finished job 12.
12 of 13 steps (92%) done

[Wed Apr 21 07:25:10 2021]
localrule all:
    input: data/synapse/genome/introns.bed, data/GCF/genome/introns.bed, data/peaksInfo/peaks_scoring.thresh1.tsv, data/peaksInfo/peaks_scoring.thresh0.tsv, data/synapse/refType/peaks.refType.tsv, data/GCF/refType/peaks.refType.tsv, data/peaksInfo/tissues_scoring.thresh1.tsv, data/peaksInfo/tissues_scoring.thresh0.tsv, data/synapse/allTSS/thresh1_numSamp2/peaksSankey.png, data/synapse/allTSS/thresh1_numSamp1/peaksSankey.png, data/synapse/allTSS/thresh0_numSamp2/peaksSankey.png, data/synapse/allTSS/thresh0_numSamp1/peaksSankey.png, data/GCF/allTSS/thresh1_numSamp2/peaksSankey.png, data/GCF/allTSS/thresh1_numSamp1/peaksSankey.png, data/GCF/allTSS/thresh0_numSamp2/peaksSankey.png, data/GCF/allTSS/thresh0_numSamp1/peaksSankey.png
    jobid: 0

[Wed Apr 21 07:25:10 2021]
Finished job 0.
13 of 13 steps (100%) done
Complete log: /data/isshamie/TSS/Analysis/TSS_code/tss/manuscript/.snakemake/log/2021-04-21T071817.093961.snakemake.log
