Building DAG of jobs...
Using shell: /bin/bash
Provided cores: 1
Rules claiming more threads will be scaled down.
Job counts:
	count	jobs
	1	all
	2	nucleotides
	3

[Wed May  6 04:48:20 2020]
rule nucleotides:
    input: data/processed/GCF/eTSS/TSS.exp.bed
    output: figures/GCF/nucleotides/eTSS_nucleotide_compare.png
    log: figures/GCF/nucleotides/nucleotides.log
    jobid: 5
    wildcards: anno=GCF

python tss/data/nucleotide_plot.py data/processed/GCF/eTSS/TSS.exp.bed figures/GCF/nucleotides/eTSS_nucleotide_compare.png /data/isshamie/genome/ncbi_anno_103/GCF_003668045.1_CriGri-PICR_genomic.fna &> figures/GCF/nucleotides/nucleotides.log
[Wed May  6 04:48:41 2020]
Finished job 5.
1 of 3 steps (33%) done

[Wed May  6 04:48:41 2020]
rule nucleotides:
    input: data/processed/alt/eTSS/TSS.exp.bed
    output: figures/alt/nucleotides/eTSS_nucleotide_compare.png
    log: figures/alt/nucleotides/nucleotides.log
    jobid: 6
    wildcards: anno=alt

python tss/data/nucleotide_plot.py data/processed/alt/eTSS/TSS.exp.bed figures/alt/nucleotides/eTSS_nucleotide_compare.png /data/isshamie/genome/ncbi_anno_103/GCF_003668045.1_CriGri-PICR_genomic.fna &> figures/alt/nucleotides/nucleotides.log
[Wed May  6 04:48:55 2020]
Finished job 6.
2 of 3 steps (67%) done

[Wed May  6 04:48:55 2020]
localrule all:
    input: data/processed/GCF/eTSS/TSS.bed, data/processed/alt/eTSS/TSS.bed, figures/GCF/barplots_eTSS/transcript_tissues_expressed.png, figures/alt/barplots_eTSS/transcript_tissues_expressed.png, figures/GCF/nucleotides/eTSS_nucleotide_compare.png, figures/alt/nucleotides/eTSS_nucleotide_compare.png
    jobid: 0

[Wed May  6 04:48:55 2020]
Finished job 0.
3 of 3 steps (100%) done
Complete log: /data/isshamie/TSS/Analysis/TSS_code/.snakemake/log/2020-05-06T044820.198216.snakemake.log
