Building DAG of jobs...
Using shell: /bin/bash
Provided cores: 1
Rules claiming more threads will be scaled down.
Job counts:
	count	jobs
	1	all
	2	nucleotides
	3

[Wed May  6 04:41:50 2020]
rule nucleotides:
    input: data/processed/GCF/eTSS/TSS.exp.bed
    output: figures/GCF/nucleotides/eTSS_nucleotide_compare.png
    log: figures/GCF/nucleotides/nucleotides.log
    jobid: 5
    wildcards: anno=GCF

python tss/data/nucleotide_plot.py data/processed/GCF/eTSS/TSS.exp.bed figures/GCF/nucleotides/eTSS_nucleotide_compare.png /data/isshamie/genome/ncbi_anno_103/GCF_003668045.1_CriGri-PICR_genomic.fna &> figures/GCF/nucleotides/nucleotides.log
[Wed May  6 04:41:52 2020]
Error in rule nucleotides:
    jobid: 5
    output: figures/GCF/nucleotides/eTSS_nucleotide_compare.png
    log: figures/GCF/nucleotides/nucleotides.log (check log file(s) for error message)
    shell:
        python tss/data/nucleotide_plot.py data/processed/GCF/eTSS/TSS.exp.bed figures/GCF/nucleotides/eTSS_nucleotide_compare.png /data/isshamie/genome/ncbi_anno_103/GCF_003668045.1_CriGri-PICR_genomic.fna &> figures/GCF/nucleotides/nucleotides.log
        (exited with non-zero exit code)

Shutting down, this might take some time.
Exiting because a job execution failed. Look above for error message
Complete log: /data/isshamie/TSS/Analysis/TSS_code/.snakemake/log/2020-05-06T044149.825456.snakemake.log
