Building DAG of jobs...
Using shell: /bin/bash
Provided cores: 1
Rules claiming more threads will be scaled down.
Job counts:
	count	jobs
	1	all
	2	create_output
	2	gene_centric_tss
	2	merge_peaks
	2	retrieve_peaks
	9

[Tue May  5 05:38:30 2020]
rule merge_peaks:
    input: data/processed/GCF/genome/start_site_mRNA.tsv
    output: data/processed/GCF/merged/peaks_with_tss_distances_size1.noCDS.peak, data/processed/GCF/merged/files_used.json, data/processed/GCF/merged/samples.merge.peaksexpression.log2, data/processed/GCF/merged/samples.merge
    log: data/processed/GCF/merged/merged.log
    jobid: 9
    wildcards: anno=GCF

python tss/data/merging.py data/processed/GCF/genome/start_site_mRNA.tsv /data/isshamie/TSS/Analysis/Analysis_NCBI_PICR/f04_peaks/ /data/isshamie/genome/ncbi_anno_103/GCF_003668045.1_CriGri-PICR_genomic.fna data/processed/GCF/merged/peaks_with_tss_distances_size1.noCDS.peak &> data/processed/GCF/merged/merged.log
[Tue May  5 05:42:37 2020]
Error in rule merge_peaks:
    jobid: 9
    output: data/processed/GCF/merged/peaks_with_tss_distances_size1.noCDS.peak, data/processed/GCF/merged/files_used.json, data/processed/GCF/merged/samples.merge.peaksexpression.log2, data/processed/GCF/merged/samples.merge
    log: data/processed/GCF/merged/merged.log (check log file(s) for error message)
    shell:
        python tss/data/merging.py data/processed/GCF/genome/start_site_mRNA.tsv /data/isshamie/TSS/Analysis/Analysis_NCBI_PICR/f04_peaks/ /data/isshamie/genome/ncbi_anno_103/GCF_003668045.1_CriGri-PICR_genomic.fna data/processed/GCF/merged/peaks_with_tss_distances_size1.noCDS.peak &> data/processed/GCF/merged/merged.log
        (exited with non-zero exit code)

Removing output files of failed job merge_peaks since they might be corrupted:
data/processed/GCF/merged/samples.merge
Shutting down, this might take some time.
Exiting because a job execution failed. Look above for error message
Complete log: /data/isshamie/TSS/Analysis/TSS_code/.snakemake/log/2020-05-05T053830.051765.snakemake.log
