Building DAG of jobs...
Using shell: /bin/bash
Provided cores: 1
Rules claiming more threads will be scaled down.
Job counts:
	count	jobs
	1	all
	2	barplot
	2	create_output
	2	gene_centric_tss
	2	merge_peaks
	2	peak_expression_and_location
	2	retrieve_peaks
	13

[Tue May  5 07:22:41 2020]
rule merge_peaks:
    input: data/processed/GCF/genome/start_site_mRNA.tsv, /data/isshamie/genome/hamster/ncbi_anno_103/GCF_003668045.1_CriGri-PICR/GCF_003668045.1_CriGri-PICR_genomic.gff
    output: data/processed/GCF/merged/samples.merge
    log: data/processed/GCF/merged/merged.log
    jobid: 11
    wildcards: anno=GCF

python tss/data/merging.py data/processed/GCF/genome/start_site_mRNA.tsv /data/isshamie/genome/hamster/ncbi_anno_103/GCF_003668045.1_CriGri-PICR/GCF_003668045.1_CriGri-PICR_genomic.gff data/processed/GCF/merged/samples.merge /data/isshamie/TSS/Analysis/Analysis_NCBI_PICR/f04_peaks/ /data/isshamie/genome/ncbi_anno_103/GCF_003668045.1_CriGri-PICR_genomic.fna to_merge &> data/processed/GCF/merged/merged.log
[Tue May  5 07:30:26 2020]
Finished job 11.
1 of 13 steps (8%) done

[Tue May  5 07:30:26 2020]
rule peak_expression_and_location:
    input: data/processed/GCF/genome/start_site_mRNA.tsv, /data/isshamie/genome/hamster/ncbi_anno_103/GCF_003668045.1_CriGri-PICR/GCF_003668045.1_CriGri-PICR_genomic.gff, data/processed/GCF/merged/samples.merge
    output: data/processed/GCF/merged/peaks_with_tss_distances_size1.noCDS.peak, data/processed/GCF/merged/files_used.json, data/processed/GCF/merged/samples.merge.peaksexpression.log2
    log: data/processed/GCF/merged/anno_and_exp.log
    jobid: 12
    wildcards: anno=GCF

python tss/data/merging.py data/processed/GCF/genome/start_site_mRNA.tsv /data/isshamie/genome/hamster/ncbi_anno_103/GCF_003668045.1_CriGri-PICR/GCF_003668045.1_CriGri-PICR_genomic.gff data/processed/GCF/merged/peaks_with_tss_distances_size1.noCDS.peak /data/isshamie/TSS/Analysis/Analysis_NCBI_PICR/f04_peaks/ /data/isshamie/genome/ncbi_anno_103/GCF_003668045.1_CriGri-PICR_genomic.fna to_anno_and_exp &> data/processed/GCF/merged/anno_and_exp.log
Warning: the following output files of rule peak_expression_and_location were not present when the DAG was created:
{'data/processed/GCF/merged/files_used.json'}
[Tue May  5 07:31:43 2020]
Error in rule peak_expression_and_location:
    jobid: 12
    output: data/processed/GCF/merged/peaks_with_tss_distances_size1.noCDS.peak, data/processed/GCF/merged/files_used.json, data/processed/GCF/merged/samples.merge.peaksexpression.log2
    log: data/processed/GCF/merged/anno_and_exp.log (check log file(s) for error message)
    shell:
        python tss/data/merging.py data/processed/GCF/genome/start_site_mRNA.tsv /data/isshamie/genome/hamster/ncbi_anno_103/GCF_003668045.1_CriGri-PICR/GCF_003668045.1_CriGri-PICR_genomic.gff data/processed/GCF/merged/peaks_with_tss_distances_size1.noCDS.peak /data/isshamie/TSS/Analysis/Analysis_NCBI_PICR/f04_peaks/ /data/isshamie/genome/ncbi_anno_103/GCF_003668045.1_CriGri-PICR_genomic.fna to_anno_and_exp &> data/processed/GCF/merged/anno_and_exp.log
        (exited with non-zero exit code)

Shutting down, this might take some time.
Exiting because a job execution failed. Look above for error message
Complete log: /data/isshamie/TSS/Analysis/TSS_code/.snakemake/log/2020-05-05T072241.133710.snakemake.log
