Building DAG of jobs...
Using shell: /bin/bash
Provided cores: 1
Rules claiming more threads will be scaled down.
Job counts:
	count	jobs
	1	all
	2	barplot
	2	create_output
	1	gene_centric_tss
	2	retrieve_peaks
	8

[Tue May  5 22:40:00 2020]
rule retrieve_peaks:
    input: data/processed/GCF/gene_centric_tss/files_used.json, data/processed/GCF/merged/samples.merge, data/processed/GCF/merged/samples.merge.peaksexpression.log2, /data/isshamie/TSS/Analysis/Analysis_NCBI_PICR/f04_peaks/
    output: data/processed/GCF/retrieve_peaks/files_used.json
    log: data/processed/GCF/retrieve_peaks/retrieve_peaks.log
    jobid: 5
    wildcards: anno=GCF

python tss/data/retrieve_tss_peaks.py data/processed/GCF/retrieve_peaks/files_used.json data/processed/GCF/gene_centric_tss/files_used.json data/processed/GCF/merged/samples.merge data/processed/GCF/merged/samples.merge.peaksexpression.log2 /data/isshamie/TSS/Analysis/Analysis_NCBI_PICR/f04_peaks/
[Tue May  5 22:51:03 2020]
Finished job 5.
1 of 8 steps (12%) done

[Tue May  5 22:51:03 2020]
rule create_output:
    input: data/processed/GCF/retrieve_peaks/files_used.json, data/processed/GCF/gene_centric_tss/txn_df.p, data/processed/GCF/genome/mRNA.peak, /data/isshamie/TSS/Analysis/Analysis_NCBI_PICR/Results/ATAC_results/CHO/ATAC_ppr.naive_overlap.narrowPeak.sort, /data/isshamie/TSS/Analysis/Analysis_NCBI_PICR/Results/ATAC_results/ATAC_merge.bed
    output: data/processed/GCF/eTSS/TSS.bed, data/processed/GCF/eTSS_refseq_center/TSS_refseq_center.bed
    jobid: 1
    wildcards: anno=GCF

python tss/data/wrap_create_eTSS.py data/processed/GCF/retrieve_peaks/files_used.json data/processed/GCF/gene_centric_tss/txn_df.p data/processed/GCF/genome/mRNA.peak /data/isshamie/TSS/Analysis/Analysis_NCBI_PICR/Results/ATAC_results/CHO/ATAC_ppr.naive_overlap.narrowPeak.sort /data/isshamie/TSS/Analysis/Analysis_NCBI_PICR/Results/ATAC_results/ATAC_merge.bed data/processed/GCF/eTSS/TSS.bed
[Tue May  5 22:51:05 2020]
Error in rule create_output:
    jobid: 1
    output: data/processed/GCF/eTSS/TSS.bed, data/processed/GCF/eTSS_refseq_center/TSS_refseq_center.bed
    shell:
        python tss/data/wrap_create_eTSS.py data/processed/GCF/retrieve_peaks/files_used.json data/processed/GCF/gene_centric_tss/txn_df.p data/processed/GCF/genome/mRNA.peak /data/isshamie/TSS/Analysis/Analysis_NCBI_PICR/Results/ATAC_results/CHO/ATAC_ppr.naive_overlap.narrowPeak.sort /data/isshamie/TSS/Analysis/Analysis_NCBI_PICR/Results/ATAC_results/ATAC_merge.bed data/processed/GCF/eTSS/TSS.bed
        (exited with non-zero exit code)

Shutting down, this might take some time.
Exiting because a job execution failed. Look above for error message
Complete log: /data/isshamie/TSS/Analysis/TSS_code/.snakemake/log/2020-05-05T224000.675275.snakemake.log
