Building DAG of jobs...
Using shell: /bin/bash
Provided cores: 1
Rules claiming more threads will be scaled down.
Job counts:
	count	jobs
	1	all
	2	create_output
	2	gene_centric_tss
	2	merge_peaks
	2	peak_expression_and_location
	2	retrieve_peaks
	11

[Tue May  5 06:34:46 2020]
rule merge_peaks:
    input: data/processed/GCF/genome/start_site_mRNA.tsv, /data/isshamie/genome/hamster/ncbi_anno_103/GCF_003668045.1_CriGri-PICR/GCF_003668045.1_CriGri-PICR_genomic.gff
    output: data/processed/GCF/merged/samples.merge
    jobid: 9
    wildcards: anno=GCF

python tss/data/merging.py data/processed/GCF/genome/start_site_mRNA.tsv /data/isshamie/genome/hamster/ncbi_anno_103/GCF_003668045.1_CriGri-PICR/GCF_003668045.1_CriGri-PICR_genomic.gff data/processed/GCF/merged/samples.merge /data/isshamie/TSS/Analysis/Analysis_NCBI_PICR/f04_peaks/ /data/isshamie/genome/ncbi_anno_103/GCF_003668045.1_CriGri-PICR_genomic.fna to_merge &> 
[Tue May  5 06:34:46 2020]
Error in rule merge_peaks:
    jobid: 9
    output: data/processed/GCF/merged/samples.merge
    shell:
        python tss/data/merging.py data/processed/GCF/genome/start_site_mRNA.tsv /data/isshamie/genome/hamster/ncbi_anno_103/GCF_003668045.1_CriGri-PICR/GCF_003668045.1_CriGri-PICR_genomic.gff data/processed/GCF/merged/samples.merge /data/isshamie/TSS/Analysis/Analysis_NCBI_PICR/f04_peaks/ /data/isshamie/genome/ncbi_anno_103/GCF_003668045.1_CriGri-PICR_genomic.fna to_merge &> 
        (exited with non-zero exit code)

Shutting down, this might take some time.
Exiting because a job execution failed. Look above for error message
Complete log: /data/isshamie/TSS/Analysis/TSS_code/.snakemake/log/2020-05-05T063446.663359.snakemake.log
