Building DAG of jobs...
Using shell: /bin/bash
Provided cores: 1
Rules claiming more threads will be scaled down.
Job counts:
	count	jobs
	1	all
	2	barplot
	2	create_output
	2	gene_centric_tss
	2	retrieve_peaks
	9

[Tue May  5 19:26:17 2020]
rule gene_centric_tss:
    input: data/processed/GCF/merged/files_used.json, data/processed/GCF/genome/start_site_mRNA.tsv, /data/isshamie/TSS/Analysis/Analysis_03302020/parameters/samples.tsv
    output: data/processed/GCF/gene_centric_tss/txn_df.p, data/processed/GCF/gene_centric_tss/files_used.json
    log: data/processed/GCF/gene_centric_tss/gene_centric.log
    jobid: 6
    wildcards: anno=GCF

python tss/data/gene_centric.py data/processed/GCF/gene_centric_tss/txn_df.p data/processed/GCF/merged/files_used.json data/processed/GCF/genome/start_site_mRNA.tsv /data/isshamie/TSS/Analysis/Analysis_03302020/parameters/samples.tsv "False" "-1000" "1000" &> data/processed/GCF/gene_centric_tss/gene_centric.log
[Tue May  5 19:26:19 2020]
Error in rule gene_centric_tss:
    jobid: 6
    output: data/processed/GCF/gene_centric_tss/txn_df.p, data/processed/GCF/gene_centric_tss/files_used.json
    log: data/processed/GCF/gene_centric_tss/gene_centric.log (check log file(s) for error message)
    shell:
        python tss/data/gene_centric.py data/processed/GCF/gene_centric_tss/txn_df.p data/processed/GCF/merged/files_used.json data/processed/GCF/genome/start_site_mRNA.tsv /data/isshamie/TSS/Analysis/Analysis_03302020/parameters/samples.tsv "False" "-1000" "1000" &> data/processed/GCF/gene_centric_tss/gene_centric.log
        (exited with non-zero exit code)

Shutting down, this might take some time.
Exiting because a job execution failed. Look above for error message
Complete log: /data/isshamie/TSS/Analysis/TSS_code/.snakemake/log/2020-05-05T192617.144497.snakemake.log
