Building DAG of jobs...
Using shell: /bin/bash
Provided cores: 1
Rules claiming more threads will be scaled down.
Job counts:
	count	jobs
	1	all
	2	barplot
	2	create_output
	1	gene_centric_tss
	1	retrieve_peaks
	7

[Tue May  5 23:38:07 2020]
rule create_output:
    input: data/processed/GCF/retrieve_peaks/files_used.json, data/processed/GCF/gene_centric_tss/txn_df.p, data/processed/GCF/genome/mRNA.peak, /data/isshamie/TSS/Analysis/Analysis_NCBI_PICR/Results/ATAC_results/CHO/ATAC_ppr.naive_overlap.narrowPeak.sort, /data/isshamie/TSS/Analysis/Analysis_NCBI_PICR/Results/ATAC_results/ATAC_merge.bed, data/processed/GCF/tissues_collapse/tissues.merge.peaksexpression.log10
    output: data/processed/GCF/eTSS/TSS.bed, data/processed/GCF/eTSS/refseq_centered.TSS.bed
    log: data/processed/GCF/eTSS/eTSS.log
    jobid: 1
    wildcards: anno=GCF

python tss/data/wrap_create_eTSS.py data/processed/GCF/eTSS/TSS.bed data/processed/GCF/retrieve_peaks/files_used.json data/processed/GCF/gene_centric_tss/txn_df.p data/processed/GCF/genome/mRNA.peak /data/isshamie/TSS/Analysis/Analysis_NCBI_PICR/Results/ATAC_results/CHO/ATAC_ppr.naive_overlap.narrowPeak.sort /data/isshamie/TSS/Analysis/Analysis_NCBI_PICR/Results/ATAC_results/ATAC_merge.bed data/processed/GCF/tissues_collapse/tissues.merge.peaksexpression.log10  &> data/processed/GCF/eTSS/eTSS.log
[Tue May  5 23:41:07 2020]
Error in rule create_output:
    jobid: 1
    output: data/processed/GCF/eTSS/TSS.bed, data/processed/GCF/eTSS/refseq_centered.TSS.bed
    log: data/processed/GCF/eTSS/eTSS.log (check log file(s) for error message)
    shell:
        python tss/data/wrap_create_eTSS.py data/processed/GCF/eTSS/TSS.bed data/processed/GCF/retrieve_peaks/files_used.json data/processed/GCF/gene_centric_tss/txn_df.p data/processed/GCF/genome/mRNA.peak /data/isshamie/TSS/Analysis/Analysis_NCBI_PICR/Results/ATAC_results/CHO/ATAC_ppr.naive_overlap.narrowPeak.sort /data/isshamie/TSS/Analysis/Analysis_NCBI_PICR/Results/ATAC_results/ATAC_merge.bed data/processed/GCF/tissues_collapse/tissues.merge.peaksexpression.log10  &> data/processed/GCF/eTSS/eTSS.log
        (exited with non-zero exit code)

Shutting down, this might take some time.
Exiting because a job execution failed. Look above for error message
Complete log: /data/isshamie/TSS/Analysis/TSS_code/.snakemake/log/2020-05-05T233806.959994.snakemake.log
